build/app/intermediates/manifest_merge_blame_file/debug/manifest-merger-blame-debug-report.txt
1<?xml version="1.0" encoding="utf-8"?>
2<manifest xmlns:android="http://schemas.android.com/apk/res/android"
3    package="com.example.wisely_diary"
4    android:versionCode="1"
5    android:versionName="1.0.0" >
6
7    <uses-sdk
8        android:minSdkVersion="21"
9        android:targetSdkVersion="34" />
10    <!--
11         The INTERNET permission is required for development. Specifically,
12         the Flutter tool needs it to communicate with the running application
13         to allow setting breakpoints, to provide hot reload, etc.
14    -->
15    <uses-permission android:name="android.permission.INTERNET" />
15-->src\debug\AndroidManifest.xml:7:5-66
15-->src\debug\AndroidManifest.xml:7:22-64
16    <!--
17     Required to query activities that can process text, see:
18         https://developer.android.com/training/package-visibility and
19         https://developer.android.com/reference/android/content/Intent#ACTION_PROCESS_TEXT.
20
21         In particular, this is used by the Flutter engine in io.flutter.plugin.text.ProcessTextPlugin.
22    -->
23    <queries>
23-->src\main\AndroidManifest.xml:53:5-58:15
24        <intent>
24-->src\main\AndroidManifest.xml:54:9-57:18
25            <action android:name="android.intent.action.PROCESS_TEXT" />
25-->src\main\AndroidManifest.xml:55:13-72
25-->src\main\AndroidManifest.xml:55:21-70
26
27            <data android:mimeType="text/plain" />
27-->src\main\AndroidManifest.xml:56:13-50
27-->src\main\AndroidManifest.xml:56:19-48
28        </intent>
29
30        <package android:name="com.kakao.talk" />
30-->[:kakao_flutter_sdk_common] AndroidManifest.xml:10:9-50
30-->[:kakao_flutter_sdk_common] AndroidManifest.xml:10:18-47
31        <package android:name="com.kakao.talk.alpha" />
31-->[:kakao_flutter_sdk_common] AndroidManifest.xml:11:9-56
31-->[:kakao_flutter_sdk_common] AndroidManifest.xml:11:18-53
32        <package android:name="com.kakao.talk.sandbox" />
32-->[:kakao_flutter_sdk_common] AndroidManifest.xml:12:9-58
32-->[:kakao_flutter_sdk_common] AndroidManifest.xml:12:18-55
33        <package android:name="com.kakao.onetalk" />
33-->[:kakao_flutter_sdk_common] AndroidManifest.xml:13:9-53
33-->[:kakao_flutter_sdk_common] AndroidManifest.xml:13:18-50
34        <package android:name="com.locnall.KimGiSa" />
34-->[:kakao_flutter_sdk_common] AndroidManifest.xml:14:9-55
34-->[:kakao_flutter_sdk_common] AndroidManifest.xml:14:18-52
35        <package android:name="com.lguplus.navi" />
35-->[:kakao_flutter_sdk_common] AndroidManifest.xml:15:9-52
35-->[:kakao_flutter_sdk_common] AndroidManifest.xml:15:18-49
36
37        <intent>
37-->[:kakao_flutter_sdk_common] AndroidManifest.xml:17:9-23:18
38            <action android:name="android.intent.action.VIEW" />
38-->[:kakao_flutter_sdk_common] AndroidManifest.xml:18:13-65
38-->[:kakao_flutter_sdk_common] AndroidManifest.xml:18:21-62
39
40            <category android:name="android.intent.category.BROWSABLE" />
40-->[:kakao_flutter_sdk_common] AndroidManifest.xml:20:13-74
40-->[:kakao_flutter_sdk_common] AndroidManifest.xml:20:23-71
41
42            <data android:scheme="https" />
42-->src\main\AndroidManifest.xml:56:13-50
43        </intent>
44    </queries>
45
46    <permission
46-->[androidx.core:core:1.13.1] AndroidManifest.xml:22:5-24:47
47        android:name="com.example.wisely_diary.DYNAMIC_RECEIVER_NOT_EXPORTED_PERMISSION"
47-->[androidx.core:core:1.13.1] AndroidManifest.xml:23:9-81
48        android:protectionLevel="signature" />
48-->[androidx.core:core:1.13.1] AndroidManifest.xml:24:9-44
49
50    <uses-permission android:name="com.example.wisely_diary.DYNAMIC_RECEIVER_NOT_EXPORTED_PERMISSION" />
50-->[androidx.core:core:1.13.1] AndroidManifest.xml:26:5-97
50-->[androidx.core:core:1.13.1] AndroidManifest.xml:26:22-94
51
52    <application
53        android:name="android.app.Application"
54        android:appComponentFactory="androidx.core.app.CoreComponentFactory"
54-->[androidx.core:core:1.13.1] AndroidManifest.xml:28:18-86
55        android:debuggable="true"
56        android:icon="@mipmap/ic_launcher"
57        android:label="wisely_diary" >
58
59        <!-- 카카오 로그인 커스텀 URL 스킴 설정 -->
60        <activity
61            android:name="com.kakao.sdk.flutter.AuthCodeCustomTabsActivity"
62            android:exported="true"
63            android:launchMode="singleTask"
63-->[:kakao_flutter_sdk_common] AndroidManifest.xml:41:13-44
64            android:theme="@style/TransparentCompat" >
64-->[:kakao_flutter_sdk_common] AndroidManifest.xml:42:13-53
65            <intent-filter android:label="flutter_web_auth" >
66                <action android:name="android.intent.action.VIEW" />
66-->[:kakao_flutter_sdk_common] AndroidManifest.xml:18:13-65
66-->[:kakao_flutter_sdk_common] AndroidManifest.xml:18:21-62
67
68                <category android:name="android.intent.category.DEFAULT" />
69                <category android:name="android.intent.category.BROWSABLE" />
69-->[:kakao_flutter_sdk_common] AndroidManifest.xml:20:13-74
69-->[:kakao_flutter_sdk_common] AndroidManifest.xml:20:23-71
70
71                <!-- "kakao${YOUR_NATIVE_APP_KEY}://oauth" 형식의 앱 실행 스킴 설정 -->
72                <!-- 카카오 로그인 Redirect URI -->
73                <data
73-->src\main\AndroidManifest.xml:56:13-50
74                    android:host="oauth"
75                    android:scheme="kakao2eb8687682cf67f94363bcca7b3125a4" />
76            </intent-filter>
77        </activity>
78        <activity
79            android:name="com.example.wisely_diary.MainActivity"
80            android:configChanges="orientation|keyboardHidden|keyboard|screenSize|smallestScreenSize|locale|layoutDirection|fontScale|screenLayout|density|uiMode"
81            android:exported="true"
82            android:hardwareAccelerated="true"
83            android:launchMode="singleTop"
84            android:taskAffinity=""
85            android:theme="@style/LaunchTheme"
86            android:windowSoftInputMode="adjustResize" >
87
88            <!--
89                 Specifies an Android theme to apply to this Activity as soon as
90                 the Android process has started. This theme is visible to the user
91                 while the Flutter UI initializes. After that, this theme continues
92                 to determine the Window background behind the Flutter UI.
93            -->
94            <meta-data
95                android:name="io.flutter.embedding.android.NormalTheme"
96                android:resource="@style/NormalTheme" />
97
98            <intent-filter>
99                <action android:name="android.intent.action.MAIN" />
100
101                <category android:name="android.intent.category.LAUNCHER" />
102            </intent-filter>
103        </activity>
104        <!--
105             Don't delete the meta-data below.
106             This is used by the Flutter tool to generate GeneratedPluginRegistrant.java
107        -->
108        <meta-data
109            android:name="flutterEmbedding"
110            android:value="2" />
111
112        <activity
112-->[:kakao_flutter_sdk_common] AndroidManifest.xml:27:9-32:56
113            android:name="com.kakao.sdk.flutter.TalkAuthCodeActivity"
113-->[:kakao_flutter_sdk_common] AndroidManifest.xml:28:13-70
114            android:configChanges="orientation|screenSize|keyboardHidden|uiMode"
114-->[:kakao_flutter_sdk_common] AndroidManifest.xml:29:13-81
115            android:exported="false"
115-->[:kakao_flutter_sdk_common] AndroidManifest.xml:30:13-37
116            android:launchMode="singleTask"
116-->[:kakao_flutter_sdk_common] AndroidManifest.xml:31:13-44
117            android:theme="@style/TransparentCompat" />
117-->[:kakao_flutter_sdk_common] AndroidManifest.xml:32:13-53
118        <activity
118-->[:kakao_flutter_sdk_common] AndroidManifest.xml:33:9-37:56
119            android:name="com.kakao.sdk.flutter.CustomTabsActivity"
119-->[:kakao_flutter_sdk_common] AndroidManifest.xml:34:13-68
120            android:exported="true"
120-->[:kakao_flutter_sdk_common] AndroidManifest.xml:35:13-36
121            android:launchMode="singleTask"
121-->[:kakao_flutter_sdk_common] AndroidManifest.xml:36:13-44
122            android:theme="@style/TransparentCompat" />
122-->[:kakao_flutter_sdk_common] AndroidManifest.xml:37:13-53
123        <activity
123-->[:kakao_flutter_sdk_common] AndroidManifest.xml:43:9-47:56
124            android:name="com.kakao.sdk.flutter.FollowChannelHandlerActivity"
124-->[:kakao_flutter_sdk_common] AndroidManifest.xml:44:13-78
125            android:exported="true"
125-->[:kakao_flutter_sdk_common] AndroidManifest.xml:45:13-36
126            android:launchMode="singleTask"
126-->[:kakao_flutter_sdk_common] AndroidManifest.xml:46:13-44
127            android:theme="@style/TransparentCompat" />
127-->[:kakao_flutter_sdk_common] AndroidManifest.xml:47:13-53
128        <activity
128-->[:kakao_flutter_sdk_common] AndroidManifest.xml:48:9-52:56
129            android:name="com.kakao.sdk.flutter.AppsHandlerActivity"
129-->[:kakao_flutter_sdk_common] AndroidManifest.xml:49:13-69
130            android:exported="true"
130-->[:kakao_flutter_sdk_common] AndroidManifest.xml:50:13-36
131            android:launchMode="singleTask"
131-->[:kakao_flutter_sdk_common] AndroidManifest.xml:51:13-44
132            android:theme="@style/TransparentCompat" />
132-->[:kakao_flutter_sdk_common] AndroidManifest.xml:52:13-53
133        <activity
133-->[:url_launcher_android] AndroidManifest.xml:10:9-13:74
134            android:name="io.flutter.plugins.urllauncher.WebViewActivity"
134-->[:url_launcher_android] AndroidManifest.xml:11:13-74
135            android:exported="false"
135-->[:url_launcher_android] AndroidManifest.xml:12:13-37
136            android:theme="@android:style/Theme.NoTitleBar.Fullscreen" />
136-->[:url_launcher_android] AndroidManifest.xml:13:13-71
137
138        <uses-library
138-->[androidx.window:window:1.0.0-beta04] AndroidManifest.xml:25:9-27:40
139            android:name="androidx.window.extensions"
139-->[androidx.window:window:1.0.0-beta04] AndroidManifest.xml:26:13-54
140            android:required="false" />
140-->[androidx.window:window:1.0.0-beta04] AndroidManifest.xml:27:13-37
141        <uses-library
141-->[androidx.window:window:1.0.0-beta04] AndroidManifest.xml:28:9-30:40
142            android:name="androidx.window.sidecar"
142-->[androidx.window:window:1.0.0-beta04] AndroidManifest.xml:29:13-51
143            android:required="false" />
143-->[androidx.window:window:1.0.0-beta04] AndroidManifest.xml:30:13-37
144
145        <activity
145-->[com.google.android.gms:play-services-auth:21.0.0] AndroidManifest.xml:23:9-27:75
146            android:name="com.google.android.gms.auth.api.signin.internal.SignInHubActivity"
146-->[com.google.android.gms:play-services-auth:21.0.0] AndroidManifest.xml:24:13-93
147            android:excludeFromRecents="true"
147-->[com.google.android.gms:play-services-auth:21.0.0] AndroidManifest.xml:25:13-46
148            android:exported="false"
148-->[com.google.android.gms:play-services-auth:21.0.0] AndroidManifest.xml:26:13-37
149            android:theme="@android:style/Theme.Translucent.NoTitleBar" />
149-->[com.google.android.gms:play-services-auth:21.0.0] AndroidManifest.xml:27:13-72
150        <!--
151            Service handling Google Sign-In user revocation. For apps that do not integrate with
152            Google Sign-In, this service will never be started.
153        -->
154        <service
154-->[com.google.android.gms:play-services-auth:21.0.0] AndroidManifest.xml:33:9-37:51
155            android:name="com.google.android.gms.auth.api.signin.RevocationBoundService"
155-->[com.google.android.gms:play-services-auth:21.0.0] AndroidManifest.xml:34:13-89
156            android:exported="true"
156-->[com.google.android.gms:play-services-auth:21.0.0] AndroidManifest.xml:35:13-36
157            android:permission="com.google.android.gms.auth.api.signin.permission.REVOCATION_NOTIFICATION"
157-->[com.google.android.gms:play-services-auth:21.0.0] AndroidManifest.xml:36:13-107
158            android:visibleToInstantApps="true" />
158-->[com.google.android.gms:play-services-auth:21.0.0] AndroidManifest.xml:37:13-48
159
160        <activity
160-->[com.google.android.gms:play-services-base:18.0.1] AndroidManifest.xml:20:9-22:45
161            android:name="com.google.android.gms.common.api.GoogleApiActivity"
161-->[com.google.android.gms:play-services-base:18.0.1] AndroidManifest.xml:20:19-85
162            android:exported="false"
162-->[com.google.android.gms:play-services-base:18.0.1] AndroidManifest.xml:22:19-43
163            android:theme="@android:style/Theme.Translucent.NoTitleBar" />
163-->[com.google.android.gms:play-services-base:18.0.1] AndroidManifest.xml:21:19-78
164
165        <meta-data
165-->[com.google.android.gms:play-services-basement:18.2.0] AndroidManifest.xml:21:9-23:69
166            android:name="com.google.android.gms.version"
166-->[com.google.android.gms:play-services-basement:18.2.0] AndroidManifest.xml:22:13-58
167            android:value="@integer/google_play_services_version" />
167-->[com.google.android.gms:play-services-basement:18.2.0] AndroidManifest.xml:23:13-66
168
169        <provider
169-->[androidx.profileinstaller:profileinstaller:1.3.0] AndroidManifest.xml:24:9-32:20
170            android:name="androidx.startup.InitializationProvider"
170-->[androidx.profileinstaller:profileinstaller:1.3.0] AndroidManifest.xml:25:13-67
171            android:authorities="com.example.wisely_diary.androidx-startup"
171-->[androidx.profileinstaller:profileinstaller:1.3.0] AndroidManifest.xml:26:13-68
172            android:exported="false" >
172-->[androidx.profileinstaller:profileinstaller:1.3.0] AndroidManifest.xml:27:13-37
173            <meta-data
173-->[androidx.profileinstaller:profileinstaller:1.3.0] AndroidManifest.xml:29:13-31:52
174                android:name="androidx.profileinstaller.ProfileInstallerInitializer"
174-->[androidx.profileinstaller:profileinstaller:1.3.0] AndroidManifest.xml:30:17-85
175                android:value="androidx.startup" />
175-->[androidx.profileinstaller:profileinstaller:1.3.0] AndroidManifest.xml:31:17-49
176        </provider>
177
178        <receiver
178-->[androidx.profileinstaller:profileinstaller:1.3.0] AndroidManifest.xml:34:9-52:20
179            android:name="androidx.profileinstaller.ProfileInstallReceiver"
179-->[androidx.profileinstaller:profileinstaller:1.3.0] AndroidManifest.xml:35:13-76
180            android:directBootAware="false"
180-->[androidx.profileinstaller:profileinstaller:1.3.0] AndroidManifest.xml:36:13-44
181            android:enabled="true"
181-->[androidx.profileinstaller:profileinstaller:1.3.0] AndroidManifest.xml:37:13-35
182            android:exported="true"
182-->[androidx.profileinstaller:profileinstaller:1.3.0] AndroidManifest.xml:38:13-36
183            android:permission="android.permission.DUMP" >
183-->[androidx.profileinstaller:profileinstaller:1.3.0] AndroidManifest.xml:39:13-57
184            <intent-filter>
184-->[androidx.profileinstaller:profileinstaller:1.3.0] AndroidManifest.xml:40:13-42:29
185                <action android:name="androidx.profileinstaller.action.INSTALL_PROFILE" />
185-->[androidx.profileinstaller:profileinstaller:1.3.0] AndroidManifest.xml:41:17-91
185-->[androidx.profileinstaller:profileinstaller:1.3.0] AndroidManifest.xml:41:25-88
186            </intent-filter>
187            <intent-filter>
187-->[androidx.profileinstaller:profileinstaller:1.3.0] AndroidManifest.xml:43:13-45:29
188                <action android:name="androidx.profileinstaller.action.SKIP_FILE" />
188-->[androidx.profileinstaller:profileinstaller:1.3.0] AndroidManifest.xml:44:17-85
188-->[androidx.profileinstaller:profileinstaller:1.3.0] AndroidManifest.xml:44:25-82
189            </intent-filter>
190            <intent-filter>
190-->[androidx.profileinstaller:profileinstaller:1.3.0] AndroidManifest.xml:46:13-48:29
191                <action android:name="androidx.profileinstaller.action.SAVE_PROFILE" />
191-->[androidx.profileinstaller:profileinstaller:1.3.0] AndroidManifest.xml:47:17-88
191-->[androidx.profileinstaller:profileinstaller:1.3.0] AndroidManifest.xml:47:25-85
192            </intent-filter>
193            <intent-filter>
193-->[androidx.profileinstaller:profileinstaller:1.3.0] AndroidManifest.xml:49:13-51:29
194                <action android:name="androidx.profileinstaller.action.BENCHMARK_OPERATION" />
194-->[androidx.profileinstaller:profileinstaller:1.3.0] AndroidManifest.xml:50:17-95
194-->[androidx.profileinstaller:profileinstaller:1.3.0] AndroidManifest.xml:50:25-92
195            </intent-filter>
196        </receiver>
197    </application>
198
199</manifest>